<?xml version="1.0" encoding="UTF-8"?>
<coverage generated="1568489005">
  <project timestamp="1568489005">
    <package name="Cognetif\SiteLanguage\Exceptions">
      <file name="/Volumes/Samsung_T5/Workspace/packages/site-language/src/SiteLanguage/Exceptions/InvalidConfigurationException.php">
        <class name="Cognetif\SiteLanguage\Exceptions\InvalidConfigurationException" namespace="Cognetif\SiteLanguage\Exceptions">
          <metrics complexity="0" methods="0" coveredmethods="0" conditionals="0" coveredconditionals="0" statements="0" coveredstatements="0" elements="0" coveredelements="0"/>
        </class>
        <metrics loc="6" ncloc="6" classes="0" methods="0" coveredmethods="0" conditionals="0" coveredconditionals="0" statements="0" coveredstatements="0" elements="0" coveredelements="0"/>
      </file>
      <file name="/Volumes/Samsung_T5/Workspace/packages/site-language/src/SiteLanguage/Exceptions/MissingServerAcceptLanguageException.php">
        <class name="Cognetif\SiteLanguage\Exceptions\MissingServerAcceptLanguageException" namespace="Cognetif\SiteLanguage\Exceptions">
          <metrics complexity="0" methods="0" coveredmethods="0" conditionals="0" coveredconditionals="0" statements="0" coveredstatements="0" elements="0" coveredelements="0"/>
        </class>
        <metrics loc="6" ncloc="6" classes="0" methods="0" coveredmethods="0" conditionals="0" coveredconditionals="0" statements="0" coveredstatements="0" elements="0" coveredelements="0"/>
      </file>
    </package>
    <package name="Cognetif\SiteLanguage">
      <file name="/Volumes/Samsung_T5/Workspace/packages/site-language/src/SiteLanguage/SiteLanguage.php">
        <class name="Cognetif\SiteLanguage\SiteLanguage" namespace="Cognetif\SiteLanguage">
          <metrics complexity="21" methods="11" coveredmethods="11" conditionals="0" coveredconditionals="0" statements="40" coveredstatements="40" elements="51" coveredelements="51"/>
        </class>
        <line num="22" type="method" name="__construct" visibility="public" complexity="1" crap="1" count="31"/>
        <line num="24" type="stmt" count="31"/>
        <line num="25" type="stmt" count="31"/>
        <line num="26" type="stmt" count="31"/>
        <line num="32" type="method" name="get" visibility="public" complexity="2" crap="2" count="20"/>
        <line num="34" type="stmt" count="20"/>
        <line num="37" type="stmt" count="7"/>
        <line num="38" type="stmt" count="6"/>
        <line num="39" type="stmt" count="1"/>
        <line num="40" type="stmt" count="1"/>
        <line num="49" type="method" name="getBestMatch" visibility="private" complexity="4" crap="4" count="6"/>
        <line num="51" type="stmt" count="6"/>
        <line num="55" type="stmt" count="6"/>
        <line num="56" type="stmt" count="6"/>
        <line num="58" type="stmt" count="6"/>
        <line num="59" type="stmt" count="6"/>
        <line num="62" type="stmt" count="6"/>
        <line num="63" type="stmt" count="6"/>
        <line num="66" type="stmt" count="6"/>
        <line num="68" type="stmt" count="6"/>
        <line num="69" type="stmt" count="6"/>
        <line num="70" type="stmt" count="6"/>
        <line num="72" type="stmt" count="6"/>
        <line num="73" type="stmt" count="5"/>
        <line num="76" type="stmt" count="1"/>
        <line num="83" type="method" name="getServerAccepts" visibility="private" complexity="3" crap="3" count="7"/>
        <line num="85" type="stmt" count="7"/>
        <line num="86" type="stmt" count="6"/>
        <line num="89" type="stmt" count="1"/>
        <line num="96" type="method" name="getAccepted" visibility="public" complexity="1" crap="1" count="7"/>
        <line num="98" type="stmt" count="7"/>
        <line num="105" type="method" name="setAccepted" visibility="public" complexity="1" crap="1" count="6"/>
        <line num="107" type="stmt" count="6"/>
        <line num="108" type="stmt" count="6"/>
        <line num="114" type="method" name="getDefault" visibility="public" complexity="1" crap="1" count="5"/>
        <line num="116" type="stmt" count="5"/>
        <line num="123" type="method" name="setDefault" visibility="public" complexity="1" crap="1" count="6"/>
        <line num="125" type="stmt" count="6"/>
        <line num="126" type="stmt" count="6"/>
        <line num="132" type="method" name="guardIsConfigured" visibility="private" complexity="1" crap="1" count="20"/>
        <line num="134" type="stmt" count="20"/>
        <line num="135" type="stmt" count="14"/>
        <line num="136" type="stmt" count="7"/>
        <line num="141" type="method" name="guardAcceptedParam" visibility="private" complexity="3" crap="3" count="20"/>
        <line num="143" type="stmt" count="20"/>
        <line num="144" type="stmt" count="6"/>
        <line num="146" type="stmt" count="14"/>
        <line num="151" type="method" name="guardDefaultParam" visibility="private" complexity="3" crap="3" count="14"/>
        <line num="153" type="stmt" count="14"/>
        <line num="154" type="stmt" count="7"/>
        <line num="156" type="stmt" count="7"/>
        <metrics loc="157" ncloc="114" classes="1" methods="11" coveredmethods="11" conditionals="0" coveredconditionals="0" statements="40" coveredstatements="40" elements="51" coveredelements="51"/>
      </file>
    </package>
    <metrics files="3" loc="169" ncloc="126" classes="1" methods="11" coveredmethods="11" conditionals="0" coveredconditionals="0" statements="40" coveredstatements="40" elements="51" coveredelements="51"/>
  </project>
</coverage>
